The push refers to repository [localhost:5000/juice-shop]
0b5f025167ef: Preparing
40201f3f7cbc: Preparing
2f5239c7b2bf: Preparing
c3abae442368: Preparing
6819a1af097d: Preparing
2401c5ea32a7: Preparing
7095412417d2: Preparing
2e4983c761ce: Preparing
d5a3e014161b: Preparing
bfe9137a1b04: Preparing
f4aee9e53c42: Preparing
1a73b54f556b: Preparing
2a92d6ac9e4f: Preparing
bbb6cacb8c82: Preparing
6f1cdceb6a31: Preparing
af5aa97ebe6c: Preparing
4d049f83d9cf: Preparing
114dde0fefeb: Preparing
48c0fb67386e: Preparing
8fa10c0194df: Preparing
f464af4b9b25: Preparing
1a73b54f556b: Waiting
2a92d6ac9e4f: Waiting
bbb6cacb8c82: Waiting
6f1cdceb6a31: Waiting
af5aa97ebe6c: Waiting
8fa10c0194df: Waiting
4d049f83d9cf: Waiting
f464af4b9b25: Waiting
114dde0fefeb: Waiting
48c0fb67386e: Waiting
2e4983c761ce: Waiting
d5a3e014161b: Waiting
2401c5ea32a7: Waiting
7095412417d2: Waiting
bfe9137a1b04: Waiting
f4aee9e53c42: Waiting
c3abae442368: Pushed
40201f3f7cbc: Pushed
6819a1af097d: Pushed
2401c5ea32a7: Pushed
7095412417d2: Pushed
bfe9137a1b04: Pushed
f4aee9e53c42: Pushed
1a73b54f556b: Pushed
2a92d6ac9e4f: Pushed
2e4983c761ce: Pushed
bbb6cacb8c82: Pushed
6f1cdceb6a31: Pushed
af5aa97ebe6c: Pushed
d5a3e014161b: Pushed
4d049f83d9cf: Pushed
114dde0fefeb: Pushed
8fa10c0194df: Pushed
f464af4b9b25: Pushed
48c0fb67386e: Pushed
2f5239c7b2bf: Pushed
0b5f025167ef: Pushed
lab8: digest: sha256:4954f3665503c67e0a63232554082d0ed1b2904ddabb068628b02213e26f8bd3 size: 4702
