The push refers to repository [localhost:5000/juice-shop]
0b5f025167ef: Preparing
40201f3f7cbc: Preparing
2f5239c7b2bf: Preparing
c3abae442368: Preparing
6819a1af097d: Preparing
2401c5ea32a7: Preparing
7095412417d2: Preparing
2401c5ea32a7: Waiting
2e4983c761ce: Preparing
d5a3e014161b: Preparing
bfe9137a1b04: Preparing
f4aee9e53c42: Preparing
7095412417d2: Waiting
2e4983c761ce: Waiting
d5a3e014161b: Waiting
bfe9137a1b04: Waiting
1a73b54f556b: Preparing
2a92d6ac9e4f: Preparing
bbb6cacb8c82: Preparing
6f1cdceb6a31: Preparing
f4aee9e53c42: Waiting
2a92d6ac9e4f: Waiting
bbb6cacb8c82: Waiting
1a73b54f556b: Waiting
0b5f025167ef: Layer already exists
40201f3f7cbc: Layer already exists
2f5239c7b2bf: Layer already exists
af5aa97ebe6c: Preparing
4d049f83d9cf: Preparing
114dde0fefeb: Preparing
6f1cdceb6a31: Waiting
48c0fb67386e: Preparing
af5aa97ebe6c: Waiting
4d049f83d9cf: Waiting
8fa10c0194df: Preparing
114dde0fefeb: Waiting
48c0fb67386e: Waiting
f464af4b9b25: Preparing
8fa10c0194df: Waiting
f464af4b9b25: Waiting
c3abae442368: Layer already exists
7095412417d2: Layer already exists
6819a1af097d: Layer already exists
d5a3e014161b: Layer already exists
f4aee9e53c42: Layer already exists
2401c5ea32a7: Layer already exists
2e4983c761ce: Layer already exists
bfe9137a1b04: Layer already exists
bbb6cacb8c82: Layer already exists
1a73b54f556b: Layer already exists
af5aa97ebe6c: Layer already exists
6f1cdceb6a31: Layer already exists
114dde0fefeb: Layer already exists
2a92d6ac9e4f: Layer already exists
f464af4b9b25: Layer already exists
48c0fb67386e: Layer already exists
8fa10c0194df: Layer already exists
4d049f83d9cf: Layer already exists
lab8: digest: sha256:4954f3665503c67e0a63232554082d0ed1b2904ddabb068628b02213e26f8bd3 size: 4702
